{"contracts\\extensions\\IERC20Metadata.sol":{"l":{},"path":"D:\\solidity\\2\\contracts\\extensions\\IERC20Metadata.sol","s":{},"b":{},"f":{},"fnMap":{},"statementMap":{},"branchMap":{}},"contracts\\IERC20.sol":{"l":{},"path":"D:\\solidity\\2\\contracts\\IERC20.sol","s":{},"b":{},"f":{},"fnMap":{},"statementMap":{},"branchMap":{}},"contracts\\KYCoin2.sol":{"l":{"20":4,"21":4,"22":4,"26":0,"31":0,"35":0,"40":0,"44":1,"48":0,"49":0,"53":0,"57":0,"58":0,"66":0,"68":0,"69":0,"70":0,"74":0,"78":0,"79":0,"83":0,"84":0,"85":0,"89":0,"97":0,"98":0,"100":0,"102":0,"103":0,"104":0,"107":0,"109":0,"111":0,"115":4,"117":4,"119":4,"120":4,"121":4,"123":4,"127":0,"129":0,"131":0,"132":0,"133":0,"136":0,"138":0,"140":0,"148":0,"149":0,"151":0,"152":0},"path":"D:\\solidity\\2\\contracts\\KYCoin2.sol","s":{"1":4,"2":4,"3":4,"4":0,"5":0,"6":0,"7":0,"8":1,"9":0,"10":0,"11":0,"12":0,"13":0,"14":0,"15":0,"16":0,"17":0,"18":0,"19":0,"20":0,"21":0,"22":0,"23":0,"24":0,"25":0,"26":0,"27":0,"28":0,"29":0,"30":0,"31":4,"32":4,"33":4,"34":4,"35":4,"36":4,"37":0,"38":0,"39":0,"40":0,"41":0,"42":0,"43":0,"44":0,"45":0,"46":0,"47":0},"b":{"1":[0,0],"2":[0,0],"3":[0,0],"4":[0,0],"5":[0,0],"6":[4,0],"7":[0,0],"8":[0,0],"9":[0,0],"10":[0,0]},"f":{"1":4,"2":0,"3":0,"4":0,"5":0,"6":1,"7":0,"8":0,"9":0,"10":0,"11":0,"12":0,"13":0,"14":4,"15":0,"16":0,"17":4,"18":4},"fnMap":{"1":{"name":"constructor","line":19,"loc":{"start":{"line":19,"column":4},"end":{"line":23,"column":4}}},"2":{"name":"name","line":25,"loc":{"start":{"line":25,"column":4},"end":{"line":27,"column":4}}},"3":{"name":"symbol","line":30,"loc":{"start":{"line":30,"column":4},"end":{"line":32,"column":4}}},"4":{"name":"decimals","line":34,"loc":{"start":{"line":34,"column":4},"end":{"line":36,"column":4}}},"5":{"name":"totalSupply","line":39,"loc":{"start":{"line":39,"column":4},"end":{"line":41,"column":4}}},"6":{"name":"balanceOf","line":43,"loc":{"start":{"line":43,"column":4},"end":{"line":45,"column":4}}},"7":{"name":"transfer","line":47,"loc":{"start":{"line":47,"column":4},"end":{"line":50,"column":4}}},"8":{"name":"allowance","line":52,"loc":{"start":{"line":52,"column":4},"end":{"line":54,"column":4}}},"9":{"name":"approve","line":56,"loc":{"start":{"line":56,"column":4},"end":{"line":59,"column":4}}},"10":{"name":"transferFrom","line":61,"loc":{"start":{"line":61,"column":4},"end":{"line":75,"column":4}}},"11":{"name":"increaseAllowance","line":77,"loc":{"start":{"line":77,"column":4},"end":{"line":80,"column":4}}},"12":{"name":"decreaseAllowance","line":82,"loc":{"start":{"line":82,"column":4},"end":{"line":90,"column":4}}},"13":{"name":"_transfer","line":92,"loc":{"start":{"line":92,"column":4},"end":{"line":112,"column":4}}},"14":{"name":"_mint","line":114,"loc":{"start":{"line":114,"column":4},"end":{"line":124,"column":4}}},"15":{"name":"_burn","line":126,"loc":{"start":{"line":126,"column":4},"end":{"line":141,"column":4}}},"16":{"name":"_approve","line":143,"loc":{"start":{"line":143,"column":4},"end":{"line":153,"column":4}}},"17":{"name":"_beforeTokenTransfer","line":155,"loc":{"start":{"line":155,"column":4},"end":{"line":159,"column":24}}},"18":{"name":"_afterTokenTransfer","line":161,"loc":{"start":{"line":161,"column":4},"end":{"line":165,"column":24}}}},"statementMap":{"1":{"start":{"line":20,"column":8},"end":{"line":20,"column":20}},"2":{"start":{"line":21,"column":8},"end":{"line":21,"column":24}},"3":{"start":{"line":22,"column":2},"end":{"line":22,"column":32}},"4":{"start":{"line":26,"column":8},"end":{"line":26,"column":20}},"5":{"start":{"line":31,"column":8},"end":{"line":31,"column":22}},"6":{"start":{"line":35,"column":8},"end":{"line":35,"column":16}},"7":{"start":{"line":40,"column":8},"end":{"line":40,"column":27}},"8":{"start":{"line":44,"column":8},"end":{"line":44,"column":33}},"9":{"start":{"line":48,"column":8},"end":{"line":48,"column":49}},"10":{"start":{"line":49,"column":8},"end":{"line":49,"column":19}},"11":{"start":{"line":53,"column":8},"end":{"line":53,"column":42}},"12":{"start":{"line":57,"column":8},"end":{"line":57,"column":46}},"13":{"start":{"line":58,"column":8},"end":{"line":58,"column":19}},"14":{"start":{"line":66,"column":8},"end":{"line":66,"column":43}},"15":{"start":{"line":68,"column":8},"end":{"line":68,"column":68}},"16":{"start":{"line":69,"column":8},"end":{"line":69,"column":86}},"17":{"start":{"line":74,"column":8},"end":{"line":74,"column":19}},"18":{"start":{"line":78,"column":8},"end":{"line":78,"column":87}},"19":{"start":{"line":79,"column":8},"end":{"line":79,"column":19}},"20":{"start":{"line":83,"column":8},"end":{"line":83,"column":69}},"21":{"start":{"line":84,"column":8},"end":{"line":84,"column":92}},"22":{"start":{"line":89,"column":8},"end":{"line":89,"column":19}},"23":{"start":{"line":97,"column":8},"end":{"line":97,"column":77}},"24":{"start":{"line":98,"column":8},"end":{"line":98,"column":78}},"25":{"start":{"line":100,"column":8},"end":{"line":100,"column":54}},"26":{"start":{"line":102,"column":8},"end":{"line":102,"column":49}},"27":{"start":{"line":103,"column":8},"end":{"line":103,"column":81}},"28":{"start":{"line":107,"column":8},"end":{"line":107,"column":37}},"29":{"start":{"line":109,"column":8},"end":{"line":109,"column":48}},"30":{"start":{"line":111,"column":8},"end":{"line":111,"column":53}},"31":{"start":{"line":115,"column":8},"end":{"line":115,"column":72}},"32":{"start":{"line":117,"column":8},"end":{"line":117,"column":56}},"33":{"start":{"line":119,"column":8},"end":{"line":119,"column":29}},"34":{"start":{"line":120,"column":8},"end":{"line":120,"column":35}},"35":{"start":{"line":121,"column":8},"end":{"line":121,"column":50}},"36":{"start":{"line":123,"column":8},"end":{"line":123,"column":55}},"37":{"start":{"line":127,"column":8},"end":{"line":127,"column":74}},"38":{"start":{"line":129,"column":8},"end":{"line":129,"column":56}},"39":{"start":{"line":131,"column":8},"end":{"line":131,"column":51}},"40":{"start":{"line":132,"column":8},"end":{"line":132,"column":78}},"41":{"start":{"line":136,"column":8},"end":{"line":136,"column":29}},"42":{"start":{"line":138,"column":8},"end":{"line":138,"column":50}},"43":{"start":{"line":140,"column":8},"end":{"line":140,"column":55}},"44":{"start":{"line":148,"column":8},"end":{"line":148,"column":75}},"45":{"start":{"line":149,"column":8},"end":{"line":149,"column":75}},"46":{"start":{"line":151,"column":8},"end":{"line":151,"column":43}},"47":{"start":{"line":152,"column":8},"end":{"line":152,"column":45}}},"branchMap":{"1":{"line":69,"type":"if","locations":[{"start":{"line":69,"column":8},"end":{"line":69,"column":8}},{"start":{"line":69,"column":8},"end":{"line":69,"column":8}}]},"2":{"line":84,"type":"if","locations":[{"start":{"line":84,"column":8},"end":{"line":84,"column":8}},{"start":{"line":84,"column":8},"end":{"line":84,"column":8}}]},"3":{"line":97,"type":"if","locations":[{"start":{"line":97,"column":8},"end":{"line":97,"column":8}},{"start":{"line":97,"column":8},"end":{"line":97,"column":8}}]},"4":{"line":98,"type":"if","locations":[{"start":{"line":98,"column":8},"end":{"line":98,"column":8}},{"start":{"line":98,"column":8},"end":{"line":98,"column":8}}]},"5":{"line":103,"type":"if","locations":[{"start":{"line":103,"column":8},"end":{"line":103,"column":8}},{"start":{"line":103,"column":8},"end":{"line":103,"column":8}}]},"6":{"line":115,"type":"if","locations":[{"start":{"line":115,"column":8},"end":{"line":115,"column":8}},{"start":{"line":115,"column":8},"end":{"line":115,"column":8}}]},"7":{"line":127,"type":"if","locations":[{"start":{"line":127,"column":8},"end":{"line":127,"column":8}},{"start":{"line":127,"column":8},"end":{"line":127,"column":8}}]},"8":{"line":132,"type":"if","locations":[{"start":{"line":132,"column":8},"end":{"line":132,"column":8}},{"start":{"line":132,"column":8},"end":{"line":132,"column":8}}]},"9":{"line":148,"type":"if","locations":[{"start":{"line":148,"column":8},"end":{"line":148,"column":8}},{"start":{"line":148,"column":8},"end":{"line":148,"column":8}}]},"10":{"line":149,"type":"if","locations":[{"start":{"line":149,"column":8},"end":{"line":149,"column":8}},{"start":{"line":149,"column":8},"end":{"line":149,"column":8}}]}}},"contracts\\utils\\Context.sol":{"l":{"17":0,"21":0},"path":"D:\\solidity\\2\\contracts\\utils\\Context.sol","s":{"1":0,"2":0},"b":{},"f":{"1":0,"2":0},"fnMap":{"1":{"name":"_msgSender","line":16,"loc":{"start":{"line":16,"column":4},"end":{"line":18,"column":4}}},"2":{"name":"_msgData","line":20,"loc":{"start":{"line":20,"column":4},"end":{"line":22,"column":4}}}},"statementMap":{"1":{"start":{"line":17,"column":8},"end":{"line":17,"column":25}},"2":{"start":{"line":21,"column":8},"end":{"line":21,"column":23}}},"branchMap":{}}}