{
"contracts\\extensions\\IERC20Metadata.sol":{"l":{},"path":"D:\\solidity\\2\\contracts\\extensions\\IERC20Metadata.sol","s":{},"b":{},"f":{},"fnMap":{},"statementMap":{},"branchMap":{}},
"contracts\\IERC20.sol":{"l":{},"path":"D:\\solidity\\2\\contracts\\IERC20.sol","s":{},"b":{},"f":{},"fnMap":{},"statementMap":{},"branchMap":{}},
"contracts\\KYCoin2.sol":{"l":{"21":97,"22":97,"23":97,"24":97,"28":2,"33":2,"37":1,"42":7,"46":16,"50":9,"51":7,"55":22,"59":31,"60":29,"68":14,"70":10,"71":10,"72":4,"76":4,"80":9,"81":7,"85":20,"86":20,"87":6,"91":6,"99":32,"100":28,"102":22,"104":22,"105":22,"106":22,"109":22,"111":22,"113":22,"121":200,"123":196,"125":196,"126":196,"127":196,"129":196,"137":18,"139":14,"141":14,"142":14,"143":14,"146":14,"148":14,"150":14,"158":62,"159":60,"161":54,"162":54},"path":"D:\\solidity\\2\\contracts\\KYCoin2.sol","s":{"1":97,"2":97,"3":97,"4":97,"5":2,"6":2,"7":1,"8":7,"9":16,"10":9,"11":7,"12":22,"13":31,"14":29,"15":14,"16":10,"17":10,"18":4,"19":9,"20":7,"21":20,"22":20,"23":6,"24":32,"25":28,"26":22,"27":22,"28":22,"29":22,"30":22,"31":22,"32":200,"33":196,"34":196,"35":196,"36":196,"37":196,"38":18,"39":14,"40":14,"41":14,"42":14,"43":14,"44":14,"45":62,"46":60,"47":54,"48":54},"b":{"1":[4,6],"2":[6,14],"3":[28,4],"4":[22,6],"5":[22,0],"6":[196,4],"7":[14,4],"8":[14,0],"9":[60,2],"10":[54,6]},"f":{"1":97,"2":2,"3":2,"4":1,"5":7,"6":16,"7":9,"8":22,"9":31,"10":14,"11":9,"12":20,"13":32,"14":200,"15":18,"16":62,"17":232,"18":232},"fnMap":{"1":{"name":"constructor","line":20,"loc":{"start":{"line":20,"column":4},"end":{"line":25,"column":4}}},"2":{"name":"name","line":27,"loc":{"start":{"line":27,"column":4},"end":{"line":29,"column":4}}},"3":{"name":"symbol","line":32,"loc":{"start":{"line":32,"column":4},"end":{"line":34,"column":4}}},"4":{"name":"decimals","line":36,"loc":{"start":{"line":36,"column":4},"end":{"line":38,"column":4}}},"5":{"name":"totalSupply","line":41,"loc":{"start":{"line":41,"column":4},"end":{"line":43,"column":4}}},"6":{"name":"balanceOf","line":45,"loc":{"start":{"line":45,"column":4},"end":{"line":47,"column":4}}},"7":{"name":"transfer","line":49,"loc":{"start":{"line":49,"column":4},"end":{"line":52,"column":4}}},"8":{"name":"allowance","line":54,"loc":{"start":{"line":54,"column":4},"end":{"line":56,"column":4}}},"9":{"name":"approve","line":58,"loc":{"start":{"line":58,"column":4},"end":{"line":61,"column":4}}},"10":{"name":"transferFrom","line":63,"loc":{"start":{"line":63,"column":4},"end":{"line":77,"column":4}}},"11":{"name":"increaseAllowance","line":79,"loc":{"start":{"line":79,"column":4},"end":{"line":82,"column":4}}},"12":{"name":"decreaseAllowance","line":84,"loc":{"start":{"line":84,"column":4},"end":{"line":92,"column":4}}},"13":{"name":"_transfer","line":94,"loc":{"start":{"line":94,"column":4},"end":{"line":114,"column":4}}},"14":{"name":"_mint","line":120,"loc":{"start":{"line":120,"column":4},"end":{"line":130,"column":4}}},"15":{"name":"_burn","line":136,"loc":{"start":{"line":136,"column":4},"end":{"line":151,"column":4}}},"16":{"name":"_approve","line":153,"loc":{"start":{"line":153,"column":4},"end":{"line":163,"column":4}}},"17":{"name":"_beforeTokenTransfer","line":165,"loc":{"start":{"line":165,"column":4},"end":{"line":169,"column":24}}},"18":{"name":"_afterTokenTransfer","line":171,"loc":{"start":{"line":171,"column":4},"end":{"line":175,"column":24}}}},"statementMap":{"1":{"start":{"line":21,"column":8},"end":{"line":21,"column":20}},"2":{"start":{"line":22,"column":8},"end":{"line":22,"column":24}},"3":{"start":{"line":23,"column":2},"end":{"line":23,"column":32}},"4":{"start":{"line":24,"column":8},"end":{"line":24,"column":26}},"5":{"start":{"line":28,"column":8},"end":{"line":28,"column":20}},"6":{"start":{"line":33,"column":8},"end":{"line":33,"column":22}},"7":{"start":{"line":37,"column":8},"end":{"line":37,"column":16}},"8":{"start":{"line":42,"column":8},"end":{"line":42,"column":27}},"9":{"start":{"line":46,"column":8},"end":{"line":46,"column":33}},"10":{"start":{"line":50,"column":8},"end":{"line":50,"column":49}},"11":{"start":{"line":51,"column":8},"end":{"line":51,"column":19}},"12":{"start":{"line":55,"column":8},"end":{"line":55,"column":42}},"13":{"start":{"line":59,"column":8},"end":{"line":59,"column":46}},"14":{"start":{"line":60,"column":8},"end":{"line":60,"column":19}},"15":{"start":{"line":68,"column":8},"end":{"line":68,"column":43}},"16":{"start":{"line":70,"column":8},"end":{"line":70,"column":68}},"17":{"start":{"line":71,"column":8},"end":{"line":71,"column":86}},"18":{"start":{"line":76,"column":8},"end":{"line":76,"column":19}},"19":{"start":{"line":80,"column":8},"end":{"line":80,"column":87}},"20":{"start":{"line":81,"column":8},"end":{"line":81,"column":19}},"21":{"start":{"line":85,"column":8},"end":{"line":85,"column":69}},"22":{"start":{"line":86,"column":8},"end":{"line":86,"column":92}},"23":{"start":{"line":91,"column":8},"end":{"line":91,"column":19}},"24":{"start":{"line":99,"column":8},"end":{"line":99,"column":77}},"25":{"start":{"line":100,"column":8},"end":{"line":100,"column":78}},"26":{"start":{"line":102,"column":8},"end":{"line":102,"column":54}},"27":{"start":{"line":104,"column":8},"end":{"line":104,"column":49}},"28":{"start":{"line":105,"column":8},"end":{"line":105,"column":81}},"29":{"start":{"line":109,"column":8},"end":{"line":109,"column":37}},"30":{"start":{"line":111,"column":8},"end":{"line":111,"column":48}},"31":{"start":{"line":113,"column":8},"end":{"line":113,"column":53}},"32":{"start":{"line":121,"column":8},"end":{"line":121,"column":72}},"33":{"start":{"line":123,"column":8},"end":{"line":123,"column":56}},"34":{"start":{"line":125,"column":8},"end":{"line":125,"column":29}},"35":{"start":{"line":126,"column":8},"end":{"line":126,"column":35}},"36":{"start":{"line":127,"column":8},"end":{"line":127,"column":50}},"37":{"start":{"line":129,"column":8},"end":{"line":129,"column":55}},"38":{"start":{"line":137,"column":8},"end":{"line":137,"column":74}},"39":{"start":{"line":139,"column":8},"end":{"line":139,"column":56}},"40":{"start":{"line":141,"column":8},"end":{"line":141,"column":51}},"41":{"start":{"line":142,"column":8},"end":{"line":142,"column":78}},"42":{"start":{"line":146,"column":8},"end":{"line":146,"column":29}},"43":{"start":{"line":148,"column":8},"end":{"line":148,"column":50}},"44":{"start":{"line":150,"column":8},"end":{"line":150,"column":55}},"45":{"start":{"line":158,"column":8},"end":{"line":158,"column":75}},"46":{"start":{"line":159,"column":8},"end":{"line":159,"column":75}},"47":{"start":{"line":161,"column":8},"end":{"line":161,"column":43}},"48":{"start":{"line":162,"column":8},"end":{"line":162,"column":45}}},"branchMap":{"1":{"line":71,"type":"if","locations":[{"start":{"line":71,"column":8},"end":{"line":71,"column":8}},{"start":{"line":71,"column":8},"end":{"line":71,"column":8}}]},"2":{"line":86,"type":"if","locations":[{"start":{"line":86,"column":8},"end":{"line":86,"column":8}},{"start":{"line":86,"column":8},"end":{"line":86,"column":8}}]},"3":{"line":99,"type":"if","locations":[{"start":{"line":99,"column":8},"end":{"line":99,"column":8}},{"start":{"line":99,"column":8},"end":{"line":99,"column":8}}]},"4":{"line":100,"type":"if","locations":[{"start":{"line":100,"column":8},"end":{"line":100,"column":8}},{"start":{"line":100,"column":8},"end":{"line":100,"column":8}}]},"5":{"line":105,"type":"if","locations":[{"start":{"line":105,"column":8},"end":{"line":105,"column":8}},{"start":{"line":105,"column":8},"end":{"line":105,"column":8}}]},"6":{"line":121,"type":"if","locations":[{"start":{"line":121,"column":8},"end":{"line":121,"column":8}},{"start":{"line":121,"column":8},"end":{"line":121,"column":8}}]},"7":{"line":137,"type":"if","locations":[{"start":{"line":137,"column":8},"end":{"line":137,"column":8}},{"start":{"line":137,"column":8},"end":{"line":137,"column":8}}]},"8":{"line":142,"type":"if","locations":[{"start":{"line":142,"column":8},"end":{"line":142,"column":8}},{"start":{"line":142,"column":8},"end":{"line":142,"column":8}}]},"9":{"line":158,"type":"if","locations":[{"start":{"line":158,"column":8},"end":{"line":158,"column":8}},{"start":{"line":158,"column":8},"end":{"line":158,"column":8}}]},"10":{"line":159,"type":"if","locations":[{"start":{"line":159,"column":8},"end":{"line":159,"column":8}},{"start":{"line":159,"column":8},"end":{"line":159,"column":8}}]}}},
"contracts\\Mock\\KYCoinMock.sol":{"l":{"15":93,"19":10,"23":18,"31":9,"39":12},"path":"D:\\solidity\\2\\contracts\\Mock\\KYCoinMock.sol","s":{"1":93,"2":10,"3":18,"4":9,"5":12},"b":{},"f":{"1":93,"2":10,"3":18,"4":9,"5":12},"fnMap":{"1":{"name":"constructor","line":14,"loc":{"start":{"line":9,"column":4},"end":{"line":16,"column":4}}},"2":{"name":"mint","line":18,"loc":{"start":{"line":18,"column":4},"end":{"line":20,"column":4}}},"3":{"name":"burn","line":22,"loc":{"start":{"line":22,"column":4},"end":{"line":24,"column":4}}},"4":{"name":"transferInternal","line":26,"loc":{"start":{"line":26,"column":4},"end":{"line":32,"column":4}}},"5":{"name":"approveInternal","line":34,"loc":{"start":{"line":34,"column":4},"end":{"line":40,"column":4}}}},"statementMap":{"1":{"start":{"line":15,"column":8},"end":{"line":15,"column":44}},"2":{"start":{"line":19,"column":8},"end":{"line":19,"column":29}},"3":{"start":{"line":23,"column":8},"end":{"line":23,"column":29}},"4":{"start":{"line":31,"column":8},"end":{"line":31,"column":33}},"5":{"start":{"line":39,"column":8},"end":{"line":39,"column":38}}},"branchMap":{}},
"contracts\\utils\\Context.sol":{"l":{"17":98,"21":0},"path":"D:\\solidity\\2\\contracts\\utils\\Context.sol","s":{"1":98,"2":0},"b":{},"f":{"1":98,"2":0},"fnMap":{"1":{"name":"_msgSender","line":16,"loc":{"start":{"line":16,"column":4},"end":{"line":18,"column":4}}},"2":{"name":"_msgData","line":20,"loc":{"start":{"line":20,"column":4},"end":{"line":22,"column":4}}}},"statementMap":{"1":{"start":{"line":17,"column":8},"end":{"line":17,"column":25}},"2":{"start":{"line":21,"column":8},"end":{"line":21,"column":23}}},"branchMap":{}},
"contracts\\utils\\Deposit.sol":{"l":{"17":4,"18":4,"22":0,"23":0,"24":0,"27":0,"30":0,"31":0,"32":0,"33":0,"36":0,"37":0,"40":0,"41":0},"path":"D:\\solidity\\2\\contracts\\utils\\Deposit.sol","s":{"1":4,"2":4,"3":0,"4":0,"5":0,"6":0,"7":0,"8":0,"9":0,"10":0,"11":0,"12":0,"13":0,"14":0},"b":{"1":[0,0],"2":[0,0],"3":[0,0]},"f":{"1":4,"2":0,"3":0,"4":0,"5":0,"6":0},"fnMap":{"1":{"name":"constructor","line":16,"loc":{"start":{"line":16,"column":4},"end":{"line":19,"column":4}}},"2":{"name":"deposit","line":21,"loc":{"start":{"line":21,"column":4},"end":{"line":25,"column":4}}},"3":{"name":"availableToWithdraw","line":26,"loc":{"start":{"line":26,"column":4},"end":{"line":28,"column":4}}},"4":{"name":"withdraw","line":29,"loc":{"start":{"line":29,"column":4},"end":{"line":34,"column":4}}},"5":{"name":"depositOwner","line":35,"loc":{"start":{"line":35,"column":4},"end":{"line":38,"column":4}}},"6":{"name":"withdrawOwner","line":39,"loc":{"start":{"line":39,"column":4},"end":{"line":42,"column":4}}}},"statementMap":{"1":{"start":{"line":17,"column":8},"end":{"line":17,"column":21}},"2":{"start":{"line":18,"column":8},"end":{"line":18,"column":26}},"3":{"start":{"line":22,"column":8},"end":{"line":22,"column":60}},"4":{"start":{"line":23,"column":8},"end":{"line":23,"column":37}},"5":{"start":{"line":24,"column":8},"end":{"line":24,"column":40}},"6":{"start":{"line":27,"column":8},"end":{"line":27,"column":35}},"7":{"start":{"line":30,"column":8},"end":{"line":30,"column":46}},"8":{"start":{"line":31,"column":8},"end":{"line":31,"column":37}},"9":{"start":{"line":32,"column":8},"end":{"line":32,"column":41}},"10":{"start":{"line":33,"column":8},"end":{"line":33,"column":41}},"11":{"start":{"line":36,"column":8},"end":{"line":36,"column":62}},"12":{"start":{"line":37,"column":8},"end":{"line":37,"column":60}},"13":{"start":{"line":40,"column":8},"end":{"line":40,"column":62}},"14":{"start":{"line":41,"column":8},"end":{"line":41,"column":41}}},"branchMap":{"1":{"line":30,"type":"if","locations":[{"start":{"line":30,"column":8},"end":{"line":30,"column":8}},{"start":{"line":30,"column":8},"end":{"line":30,"column":8}}]},"2":{"line":36,"type":"if","locations":[{"start":{"line":36,"column":8},"end":{"line":36,"column":8}},{"start":{"line":36,"column":8},"end":{"line":36,"column":8}}]},"3":{"line":40,"type":"if","locations":[{"start":{"line":40,"column":8},"end":{"line":40,"column":8}},{"start":{"line":40,"column":8},"end":{"line":40,"column":8}}]}}}}
