{
"contracts\\extensions\\IERC20Metadata.sol":{"l":{},"path":"D:\\solidity\\2\\contracts\\extensions\\IERC20Metadata.sol","s":{},"b":{},"f":{},"fnMap":{},"statementMap":{},"branchMap":{}},
"contracts\\IERC20.sol":{"l":{},"path":"D:\\solidity\\2\\contracts\\IERC20.sol","s":{},"b":{},"f":{},"fnMap":{},"statementMap":{},"branchMap":{}},
"contracts\\KYCoin2.sol":{"l":{"21":77,"22":77,"23":77,"24":77,"28":1,"33":1,"37":1,"42":4,"46":10,"50":7,"51":5,"55":18,"59":28,"60":26,"68":14,"70":10,"71":10,"72":4,"76":4,"80":8,"81":6,"85":16,"86":16,"87":6,"91":6,"99":30,"100":26,"102":20,"104":20,"105":20,"106":20,"109":20,"111":20,"113":20,"121":156,"123":154,"125":154,"126":154,"127":154,"129":154,"137":9,"139":7,"141":7,"142":7,"143":7,"146":7,"148":7,"150":7,"158":58,"159":56,"161":50,"162":50},"path":"D:\\solidity\\2\\contracts\\KYCoin2.sol","s":{"1":77,"2":77,"3":77,"4":77,"5":1,"6":1,"7":1,"8":4,"9":10,"10":7,"11":5,"12":18,"13":28,"14":26,"15":14,"16":10,"17":10,"18":4,"19":8,"20":6,"21":16,"22":16,"23":6,"24":30,"25":26,"26":20,"27":20,"28":20,"29":20,"30":20,"31":20,"32":156,"33":154,"34":154,"35":154,"36":154,"37":154,"38":9,"39":7,"40":7,"41":7,"42":7,"43":7,"44":7,"45":58,"46":56,"47":50,"48":50},"b":{"1":[4,6],"2":[6,10],"3":[26,4],"4":[20,6],"5":[20,0],"6":[154,2],"7":[7,2],"8":[7,0],"9":[56,2],"10":[50,6]},"f":{"1":77,"2":1,"3":1,"4":1,"5":4,"6":10,"7":7,"8":18,"9":28,"10":14,"11":8,"12":16,"13":30,"14":156,"15":9,"16":58,"17":181,"18":181},"fnMap":{"1":{"name":"constructor","line":20,"loc":{"start":{"line":20,"column":4},"end":{"line":25,"column":4}}},"2":{"name":"name","line":27,"loc":{"start":{"line":27,"column":4},"end":{"line":29,"column":4}}},"3":{"name":"symbol","line":32,"loc":{"start":{"line":32,"column":4},"end":{"line":34,"column":4}}},"4":{"name":"decimals","line":36,"loc":{"start":{"line":36,"column":4},"end":{"line":38,"column":4}}},"5":{"name":"totalSupply","line":41,"loc":{"start":{"line":41,"column":4},"end":{"line":43,"column":4}}},"6":{"name":"balanceOf","line":45,"loc":{"start":{"line":45,"column":4},"end":{"line":47,"column":4}}},"7":{"name":"transfer","line":49,"loc":{"start":{"line":49,"column":4},"end":{"line":52,"column":4}}},"8":{"name":"allowance","line":54,"loc":{"start":{"line":54,"column":4},"end":{"line":56,"column":4}}},"9":{"name":"approve","line":58,"loc":{"start":{"line":58,"column":4},"end":{"line":61,"column":4}}},"10":{"name":"transferFrom","line":63,"loc":{"start":{"line":63,"column":4},"end":{"line":77,"column":4}}},"11":{"name":"increaseAllowance","line":79,"loc":{"start":{"line":79,"column":4},"end":{"line":82,"column":4}}},"12":{"name":"decreaseAllowance","line":84,"loc":{"start":{"line":84,"column":4},"end":{"line":92,"column":4}}},"13":{"name":"_transfer","line":94,"loc":{"start":{"line":94,"column":4},"end":{"line":114,"column":4}}},"14":{"name":"_mint","line":120,"loc":{"start":{"line":120,"column":4},"end":{"line":130,"column":4}}},"15":{"name":"_burn","line":136,"loc":{"start":{"line":136,"column":4},"end":{"line":151,"column":4}}},"16":{"name":"_approve","line":153,"loc":{"start":{"line":153,"column":4},"end":{"line":163,"column":4}}},"17":{"name":"_beforeTokenTransfer","line":165,"loc":{"start":{"line":165,"column":4},"end":{"line":169,"column":24}}},"18":{"name":"_afterTokenTransfer","line":171,"loc":{"start":{"line":171,"column":4},"end":{"line":175,"column":24}}}},"statementMap":{"1":{"start":{"line":21,"column":8},"end":{"line":21,"column":20}},"2":{"start":{"line":22,"column":8},"end":{"line":22,"column":24}},"3":{"start":{"line":23,"column":2},"end":{"line":23,"column":32}},"4":{"start":{"line":24,"column":8},"end":{"line":24,"column":26}},"5":{"start":{"line":28,"column":8},"end":{"line":28,"column":20}},"6":{"start":{"line":33,"column":8},"end":{"line":33,"column":22}},"7":{"start":{"line":37,"column":8},"end":{"line":37,"column":16}},"8":{"start":{"line":42,"column":8},"end":{"line":42,"column":27}},"9":{"start":{"line":46,"column":8},"end":{"line":46,"column":33}},"10":{"start":{"line":50,"column":8},"end":{"line":50,"column":49}},"11":{"start":{"line":51,"column":8},"end":{"line":51,"column":19}},"12":{"start":{"line":55,"column":8},"end":{"line":55,"column":42}},"13":{"start":{"line":59,"column":8},"end":{"line":59,"column":46}},"14":{"start":{"line":60,"column":8},"end":{"line":60,"column":19}},"15":{"start":{"line":68,"column":8},"end":{"line":68,"column":43}},"16":{"start":{"line":70,"column":8},"end":{"line":70,"column":68}},"17":{"start":{"line":71,"column":8},"end":{"line":71,"column":86}},"18":{"start":{"line":76,"column":8},"end":{"line":76,"column":19}},"19":{"start":{"line":80,"column":8},"end":{"line":80,"column":87}},"20":{"start":{"line":81,"column":8},"end":{"line":81,"column":19}},"21":{"start":{"line":85,"column":8},"end":{"line":85,"column":69}},"22":{"start":{"line":86,"column":8},"end":{"line":86,"column":92}},"23":{"start":{"line":91,"column":8},"end":{"line":91,"column":19}},"24":{"start":{"line":99,"column":8},"end":{"line":99,"column":77}},"25":{"start":{"line":100,"column":8},"end":{"line":100,"column":78}},"26":{"start":{"line":102,"column":8},"end":{"line":102,"column":54}},"27":{"start":{"line":104,"column":8},"end":{"line":104,"column":49}},"28":{"start":{"line":105,"column":8},"end":{"line":105,"column":81}},"29":{"start":{"line":109,"column":8},"end":{"line":109,"column":37}},"30":{"start":{"line":111,"column":8},"end":{"line":111,"column":48}},"31":{"start":{"line":113,"column":8},"end":{"line":113,"column":53}},"32":{"start":{"line":121,"column":8},"end":{"line":121,"column":72}},"33":{"start":{"line":123,"column":8},"end":{"line":123,"column":56}},"34":{"start":{"line":125,"column":8},"end":{"line":125,"column":29}},"35":{"start":{"line":126,"column":8},"end":{"line":126,"column":35}},"36":{"start":{"line":127,"column":8},"end":{"line":127,"column":50}},"37":{"start":{"line":129,"column":8},"end":{"line":129,"column":55}},"38":{"start":{"line":137,"column":8},"end":{"line":137,"column":74}},"39":{"start":{"line":139,"column":8},"end":{"line":139,"column":56}},"40":{"start":{"line":141,"column":8},"end":{"line":141,"column":51}},"41":{"start":{"line":142,"column":8},"end":{"line":142,"column":78}},"42":{"start":{"line":146,"column":8},"end":{"line":146,"column":29}},"43":{"start":{"line":148,"column":8},"end":{"line":148,"column":50}},"44":{"start":{"line":150,"column":8},"end":{"line":150,"column":55}},"45":{"start":{"line":158,"column":8},"end":{"line":158,"column":75}},"46":{"start":{"line":159,"column":8},"end":{"line":159,"column":75}},"47":{"start":{"line":161,"column":8},"end":{"line":161,"column":43}},"48":{"start":{"line":162,"column":8},"end":{"line":162,"column":45}}},"branchMap":{"1":{"line":71,"type":"if","locations":[{"start":{"line":71,"column":8},"end":{"line":71,"column":8}},{"start":{"line":71,"column":8},"end":{"line":71,"column":8}}]},"2":{"line":86,"type":"if","locations":[{"start":{"line":86,"column":8},"end":{"line":86,"column":8}},{"start":{"line":86,"column":8},"end":{"line":86,"column":8}}]},"3":{"line":99,"type":"if","locations":[{"start":{"line":99,"column":8},"end":{"line":99,"column":8}},{"start":{"line":99,"column":8},"end":{"line":99,"column":8}}]},"4":{"line":100,"type":"if","locations":[{"start":{"line":100,"column":8},"end":{"line":100,"column":8}},{"start":{"line":100,"column":8},"end":{"line":100,"column":8}}]},"5":{"line":105,"type":"if","locations":[{"start":{"line":105,"column":8},"end":{"line":105,"column":8}},{"start":{"line":105,"column":8},"end":{"line":105,"column":8}}]},"6":{"line":121,"type":"if","locations":[{"start":{"line":121,"column":8},"end":{"line":121,"column":8}},{"start":{"line":121,"column":8},"end":{"line":121,"column":8}}]},"7":{"line":137,"type":"if","locations":[{"start":{"line":137,"column":8},"end":{"line":137,"column":8}},{"start":{"line":137,"column":8},"end":{"line":137,"column":8}}]},"8":{"line":142,"type":"if","locations":[{"start":{"line":142,"column":8},"end":{"line":142,"column":8}},{"start":{"line":142,"column":8},"end":{"line":142,"column":8}}]},"9":{"line":158,"type":"if","locations":[{"start":{"line":158,"column":8},"end":{"line":158,"column":8}},{"start":{"line":158,"column":8},"end":{"line":158,"column":8}}]},"10":{"line":159,"type":"if","locations":[{"start":{"line":159,"column":8},"end":{"line":159,"column":8}},{"start":{"line":159,"column":8},"end":{"line":159,"column":8}}]}}},
"contracts\\Mock\\KYCoinMock.sol":{"l":{"15":74,"19":5,"23":9,"31":9,"39":12},"path":"D:\\solidity\\2\\contracts\\Mock\\KYCoinMock.sol","s":{"1":74,"2":5,"3":9,"4":9,"5":12},"b":{},"f":{"1":74,"2":5,"3":9,"4":9,"5":12},"fnMap":{"1":{"name":"constructor","line":14,"loc":{"start":{"line":9,"column":4},"end":{"line":16,"column":4}}},"2":{"name":"mint","line":18,"loc":{"start":{"line":18,"column":4},"end":{"line":20,"column":4}}},"3":{"name":"burn","line":22,"loc":{"start":{"line":22,"column":4},"end":{"line":24,"column":4}}},"4":{"name":"transferInternal","line":26,"loc":{"start":{"line":26,"column":4},"end":{"line":32,"column":4}}},"5":{"name":"approveInternal","line":34,"loc":{"start":{"line":34,"column":4},"end":{"line":40,"column":4}}}},"statementMap":{"1":{"start":{"line":15,"column":8},"end":{"line":15,"column":44}},"2":{"start":{"line":19,"column":8},"end":{"line":19,"column":29}},"3":{"start":{"line":23,"column":8},"end":{"line":23,"column":29}},"4":{"start":{"line":31,"column":8},"end":{"line":31,"column":33}},"5":{"start":{"line":39,"column":8},"end":{"line":39,"column":38}}},"branchMap":{}},
"contracts\\utils\\Context.sol":{"l":{"17":87,"21":0},"path":"D:\\solidity\\2\\contracts\\utils\\Context.sol","s":{"1":87,"2":0},"b":{},"f":{"1":87,"2":0},"fnMap":{"1":{"name":"_msgSender","line":16,"loc":{"start":{"line":16,"column":4},"end":{"line":18,"column":4}}},"2":{"name":"_msgData","line":20,"loc":{"start":{"line":20,"column":4},"end":{"line":22,"column":4}}}},"statementMap":{"1":{"start":{"line":17,"column":8},"end":{"line":17,"column":25}},"2":{"start":{"line":21,"column":8},"end":{"line":21,"column":23}}},"branchMap":{}}}
