TN:
SF:D:\solidity\2\contracts\extensions\IERC20Metadata.sol
FNF:0
FNH:0
LF:0
LH:0
BRF:0
BRH:0
end_of_record
TN:
SF:D:\solidity\2\contracts\IERC20.sol
FNF:0
FNH:0
LF:0
LH:0
BRF:0
BRH:0
end_of_record
TN:
SF:D:\solidity\2\contracts\KYCoin2.sol
FN:20,constructor
FN:27,name
FN:32,symbol
FN:36,decimals
FN:41,totalSupply
FN:45,balanceOf
FN:49,transfer
FN:54,allowance
FN:58,approve
FN:63,transferFrom
FN:79,increaseAllowance
FN:84,decreaseAllowance
FN:94,_transfer
FN:120,_mint
FN:136,_burn
FN:153,_approve
FN:165,_beforeTokenTransfer
FN:171,_afterTokenTransfer
FNF:18
FNH:18
FNDA:77,constructor
FNDA:1,name
FNDA:1,symbol
FNDA:1,decimals
FNDA:4,totalSupply
FNDA:10,balanceOf
FNDA:7,transfer
FNDA:18,allowance
FNDA:28,approve
FNDA:14,transferFrom
FNDA:8,increaseAllowance
FNDA:16,decreaseAllowance
FNDA:30,_transfer
FNDA:156,_mint
FNDA:9,_burn
FNDA:58,_approve
FNDA:181,_beforeTokenTransfer
FNDA:181,_afterTokenTransfer
DA:21,77
DA:22,77
DA:23,77
DA:24,77
DA:28,1
DA:33,1
DA:37,1
DA:42,4
DA:46,10
DA:50,7
DA:51,5
DA:55,18
DA:59,28
DA:60,26
DA:68,14
DA:70,10
DA:71,10
DA:72,4
DA:76,4
DA:80,8
DA:81,6
DA:85,16
DA:86,16
DA:87,6
DA:91,6
DA:99,30
DA:100,26
DA:102,20
DA:104,20
DA:105,20
DA:106,20
DA:109,20
DA:111,20
DA:113,20
DA:121,156
DA:123,154
DA:125,154
DA:126,154
DA:127,154
DA:129,154
DA:137,9
DA:139,7
DA:141,7
DA:142,7
DA:143,7
DA:146,7
DA:148,7
DA:150,7
DA:158,58
DA:159,56
DA:161,50
DA:162,50
LF:52
LH:52
BRDA:71,1,0,4
BRDA:71,1,1,6
BRDA:86,2,0,6
BRDA:86,2,1,10
BRDA:99,3,0,26
BRDA:99,3,1,4
BRDA:100,4,0,20
BRDA:100,4,1,6
BRDA:105,5,0,20
BRDA:105,5,1,0
BRDA:121,6,0,154
BRDA:121,6,1,2
BRDA:137,7,0,7
BRDA:137,7,1,2
BRDA:142,8,0,7
BRDA:142,8,1,0
BRDA:158,9,0,56
BRDA:158,9,1,2
BRDA:159,10,0,50
BRDA:159,10,1,6
BRF:20
BRH:18
end_of_record
TN:
SF:D:\solidity\2\contracts\Mock\KYCoinMock.sol
FN:14,constructor
FN:18,mint
FN:22,burn
FN:26,transferInternal
FN:34,approveInternal
FNF:5
FNH:5
FNDA:74,constructor
FNDA:5,mint
FNDA:9,burn
FNDA:9,transferInternal
FNDA:12,approveInternal
DA:15,74
DA:19,5
DA:23,9
DA:31,9
DA:39,12
LF:5
LH:5
BRF:0
BRH:0
end_of_record
TN:
SF:D:\solidity\2\contracts\utils\Context.sol
FN:16,_msgSender
FN:20,_msgData
FNF:2
FNH:1
FNDA:87,_msgSender
FNDA:0,_msgData
DA:17,87
DA:21,0
LF:2
LH:1
BRF:0
BRH:0
end_of_record
