TN:
SF:D:\solidity\2\contracts\extensions\IERC20Metadata.sol
FNF:0
FNH:0
LF:0
LH:0
BRF:0
BRH:0
end_of_record
TN:
SF:D:\solidity\2\contracts\IERC20.sol
FNF:0
FNH:0
LF:0
LH:0
BRF:0
BRH:0
end_of_record
TN:
SF:D:\solidity\2\contracts\KYCoin2.sol
FN:20,constructor
FN:27,name
FN:32,symbol
FN:36,decimals
FN:41,totalSupply
FN:45,balanceOf
FN:49,transfer
FN:54,allowance
FN:58,approve
FN:63,transferFrom
FN:79,increaseAllowance
FN:84,decreaseAllowance
FN:94,_transfer
FN:120,_mint
FN:136,_burn
FN:153,_approve
FN:165,_beforeTokenTransfer
FN:171,_afterTokenTransfer
FNF:18
FNH:18
FNDA:97,constructor
FNDA:2,name
FNDA:2,symbol
FNDA:1,decimals
FNDA:7,totalSupply
FNDA:16,balanceOf
FNDA:9,transfer
FNDA:22,allowance
FNDA:31,approve
FNDA:14,transferFrom
FNDA:9,increaseAllowance
FNDA:20,decreaseAllowance
FNDA:32,_transfer
FNDA:200,_mint
FNDA:18,_burn
FNDA:62,_approve
FNDA:232,_beforeTokenTransfer
FNDA:232,_afterTokenTransfer
DA:21,97
DA:22,97
DA:23,97
DA:24,97
DA:28,2
DA:33,2
DA:37,1
DA:42,7
DA:46,16
DA:50,9
DA:51,7
DA:55,22
DA:59,31
DA:60,29
DA:68,14
DA:70,10
DA:71,10
DA:72,4
DA:76,4
DA:80,9
DA:81,7
DA:85,20
DA:86,20
DA:87,6
DA:91,6
DA:99,32
DA:100,28
DA:102,22
DA:104,22
DA:105,22
DA:106,22
DA:109,22
DA:111,22
DA:113,22
DA:121,200
DA:123,196
DA:125,196
DA:126,196
DA:127,196
DA:129,196
DA:137,18
DA:139,14
DA:141,14
DA:142,14
DA:143,14
DA:146,14
DA:148,14
DA:150,14
DA:158,62
DA:159,60
DA:161,54
DA:162,54
LF:52
LH:52
BRDA:71,1,0,4
BRDA:71,1,1,6
BRDA:86,2,0,6
BRDA:86,2,1,14
BRDA:99,3,0,28
BRDA:99,3,1,4
BRDA:100,4,0,22
BRDA:100,4,1,6
BRDA:105,5,0,22
BRDA:105,5,1,0
BRDA:121,6,0,196
BRDA:121,6,1,4
BRDA:137,7,0,14
BRDA:137,7,1,4
BRDA:142,8,0,14
BRDA:142,8,1,0
BRDA:158,9,0,60
BRDA:158,9,1,2
BRDA:159,10,0,54
BRDA:159,10,1,6
BRF:20
BRH:18
end_of_record
TN:
SF:D:\solidity\2\contracts\Mock\KYCoinMock.sol
FN:14,constructor
FN:18,mint
FN:22,burn
FN:26,transferInternal
FN:34,approveInternal
FNF:5
FNH:5
FNDA:93,constructor
FNDA:10,mint
FNDA:18,burn
FNDA:9,transferInternal
FNDA:12,approveInternal
DA:15,93
DA:19,10
DA:23,18
DA:31,9
DA:39,12
LF:5
LH:5
BRF:0
BRH:0
end_of_record
TN:
SF:D:\solidity\2\contracts\utils\Context.sol
FN:16,_msgSender
FN:20,_msgData
FNF:2
FNH:1
FNDA:98,_msgSender
FNDA:0,_msgData
DA:17,98
DA:21,0
LF:2
LH:1
BRF:0
BRH:0
end_of_record
TN:
SF:D:\solidity\2\contracts\utils\Deposit.sol
FN:16,constructor
FN:21,deposit
FN:26,availableToWithdraw
FN:29,withdraw
FN:35,depositOwner
FN:39,withdrawOwner
FNF:6
FNH:1
FNDA:4,constructor
FNDA:0,deposit
FNDA:0,availableToWithdraw
FNDA:0,withdraw
FNDA:0,depositOwner
FNDA:0,withdrawOwner
DA:17,4
DA:18,4
DA:22,0
DA:23,0
DA:24,0
DA:27,0
DA:30,0
DA:31,0
DA:32,0
DA:33,0
DA:36,0
DA:37,0
DA:40,0
DA:41,0
LF:14
LH:2
BRDA:30,1,0,0
BRDA:30,1,1,0
BRDA:36,2,0,0
BRDA:36,2,1,0
BRDA:40,3,0,0
BRDA:40,3,1,0
BRF:6
BRH:0
end_of_record
